[2024-02-09T14:44:17.257+0000] {processor.py:153} INFO - Started process (PID=91) to work on /opt/airflow/dags/modules/pipeline.py
[2024-02-09T14:44:17.259+0000] {processor.py:743} INFO - Processing file /opt/airflow/dags/modules/pipeline.py for tasks to queue
[2024-02-09T14:44:17.260+0000] {logging_mixin.py:137} INFO - [2024-02-09T14:44:17.260+0000] {dagbag.py:538} INFO - Filling up the DagBag from /opt/airflow/dags/modules/pipeline.py
[2024-02-09T14:44:21.516+0000] {processor.py:755} WARNING - No viable dags retrieved from /opt/airflow/dags/modules/pipeline.py
[2024-02-09T14:44:21.565+0000] {processor.py:175} INFO - Processing /opt/airflow/dags/modules/pipeline.py took 4.314 seconds
[2024-02-09T14:44:51.898+0000] {processor.py:153} INFO - Started process (PID=128) to work on /opt/airflow/dags/modules/pipeline.py
[2024-02-09T14:44:51.899+0000] {processor.py:743} INFO - Processing file /opt/airflow/dags/modules/pipeline.py for tasks to queue
[2024-02-09T14:44:51.901+0000] {logging_mixin.py:137} INFO - [2024-02-09T14:44:51.901+0000] {dagbag.py:538} INFO - Filling up the DagBag from /opt/airflow/dags/modules/pipeline.py
[2024-02-09T14:44:53.547+0000] {processor.py:755} WARNING - No viable dags retrieved from /opt/airflow/dags/modules/pipeline.py
[2024-02-09T14:44:53.567+0000] {processor.py:175} INFO - Processing /opt/airflow/dags/modules/pipeline.py took 1.676 seconds
[2024-02-09T14:45:24.245+0000] {processor.py:153} INFO - Started process (PID=160) to work on /opt/airflow/dags/modules/pipeline.py
[2024-02-09T14:45:24.247+0000] {processor.py:743} INFO - Processing file /opt/airflow/dags/modules/pipeline.py for tasks to queue
[2024-02-09T14:45:24.249+0000] {logging_mixin.py:137} INFO - [2024-02-09T14:45:24.248+0000] {dagbag.py:538} INFO - Filling up the DagBag from /opt/airflow/dags/modules/pipeline.py
[2024-02-09T14:45:26.286+0000] {processor.py:755} WARNING - No viable dags retrieved from /opt/airflow/dags/modules/pipeline.py
[2024-02-09T14:45:26.304+0000] {processor.py:175} INFO - Processing /opt/airflow/dags/modules/pipeline.py took 2.068 seconds
[2024-02-09T14:45:56.428+0000] {processor.py:153} INFO - Started process (PID=189) to work on /opt/airflow/dags/modules/pipeline.py
[2024-02-09T14:45:56.431+0000] {processor.py:743} INFO - Processing file /opt/airflow/dags/modules/pipeline.py for tasks to queue
[2024-02-09T14:45:56.436+0000] {logging_mixin.py:137} INFO - [2024-02-09T14:45:56.436+0000] {dagbag.py:538} INFO - Filling up the DagBag from /opt/airflow/dags/modules/pipeline.py
[2024-02-09T14:45:58.335+0000] {processor.py:755} WARNING - No viable dags retrieved from /opt/airflow/dags/modules/pipeline.py
[2024-02-09T14:45:58.368+0000] {processor.py:175} INFO - Processing /opt/airflow/dags/modules/pipeline.py took 1.947 seconds
[2024-02-09T14:46:29.056+0000] {processor.py:153} INFO - Started process (PID=218) to work on /opt/airflow/dags/modules/pipeline.py
[2024-02-09T14:46:29.058+0000] {processor.py:743} INFO - Processing file /opt/airflow/dags/modules/pipeline.py for tasks to queue
[2024-02-09T14:46:29.059+0000] {logging_mixin.py:137} INFO - [2024-02-09T14:46:29.059+0000] {dagbag.py:538} INFO - Filling up the DagBag from /opt/airflow/dags/modules/pipeline.py
[2024-02-09T14:46:30.265+0000] {processor.py:755} WARNING - No viable dags retrieved from /opt/airflow/dags/modules/pipeline.py
[2024-02-09T14:46:30.290+0000] {processor.py:175} INFO - Processing /opt/airflow/dags/modules/pipeline.py took 1.240 seconds
[2024-02-09T14:47:00.509+0000] {processor.py:153} INFO - Started process (PID=247) to work on /opt/airflow/dags/modules/pipeline.py
[2024-02-09T14:47:00.511+0000] {processor.py:743} INFO - Processing file /opt/airflow/dags/modules/pipeline.py for tasks to queue
[2024-02-09T14:47:00.512+0000] {logging_mixin.py:137} INFO - [2024-02-09T14:47:00.512+0000] {dagbag.py:538} INFO - Filling up the DagBag from /opt/airflow/dags/modules/pipeline.py
[2024-02-09T14:47:02.218+0000] {processor.py:755} WARNING - No viable dags retrieved from /opt/airflow/dags/modules/pipeline.py
[2024-02-09T14:47:02.240+0000] {processor.py:175} INFO - Processing /opt/airflow/dags/modules/pipeline.py took 1.738 seconds
[2024-02-09T14:47:32.478+0000] {processor.py:153} INFO - Started process (PID=276) to work on /opt/airflow/dags/modules/pipeline.py
[2024-02-09T14:47:32.479+0000] {processor.py:743} INFO - Processing file /opt/airflow/dags/modules/pipeline.py for tasks to queue
[2024-02-09T14:47:32.481+0000] {logging_mixin.py:137} INFO - [2024-02-09T14:47:32.481+0000] {dagbag.py:538} INFO - Filling up the DagBag from /opt/airflow/dags/modules/pipeline.py
[2024-02-09T14:47:33.882+0000] {processor.py:755} WARNING - No viable dags retrieved from /opt/airflow/dags/modules/pipeline.py
[2024-02-09T14:47:33.896+0000] {processor.py:175} INFO - Processing /opt/airflow/dags/modules/pipeline.py took 1.427 seconds
[2024-02-09T14:48:04.032+0000] {processor.py:153} INFO - Started process (PID=306) to work on /opt/airflow/dags/modules/pipeline.py
[2024-02-09T14:48:04.034+0000] {processor.py:743} INFO - Processing file /opt/airflow/dags/modules/pipeline.py for tasks to queue
[2024-02-09T14:48:04.036+0000] {logging_mixin.py:137} INFO - [2024-02-09T14:48:04.036+0000] {dagbag.py:538} INFO - Filling up the DagBag from /opt/airflow/dags/modules/pipeline.py
[2024-02-09T14:48:05.116+0000] {processor.py:755} WARNING - No viable dags retrieved from /opt/airflow/dags/modules/pipeline.py
[2024-02-09T14:48:05.131+0000] {processor.py:175} INFO - Processing /opt/airflow/dags/modules/pipeline.py took 1.103 seconds
[2024-02-09T14:48:35.192+0000] {processor.py:153} INFO - Started process (PID=335) to work on /opt/airflow/dags/modules/pipeline.py
[2024-02-09T14:48:35.193+0000] {processor.py:743} INFO - Processing file /opt/airflow/dags/modules/pipeline.py for tasks to queue
[2024-02-09T14:48:35.194+0000] {logging_mixin.py:137} INFO - [2024-02-09T14:48:35.194+0000] {dagbag.py:538} INFO - Filling up the DagBag from /opt/airflow/dags/modules/pipeline.py
[2024-02-09T14:48:36.414+0000] {processor.py:755} WARNING - No viable dags retrieved from /opt/airflow/dags/modules/pipeline.py
[2024-02-09T14:48:36.453+0000] {processor.py:175} INFO - Processing /opt/airflow/dags/modules/pipeline.py took 1.266 seconds
[2024-02-09T14:49:06.567+0000] {processor.py:153} INFO - Started process (PID=364) to work on /opt/airflow/dags/modules/pipeline.py
[2024-02-09T14:49:06.569+0000] {processor.py:743} INFO - Processing file /opt/airflow/dags/modules/pipeline.py for tasks to queue
[2024-02-09T14:49:06.571+0000] {logging_mixin.py:137} INFO - [2024-02-09T14:49:06.570+0000] {dagbag.py:538} INFO - Filling up the DagBag from /opt/airflow/dags/modules/pipeline.py
[2024-02-09T14:49:08.416+0000] {processor.py:755} WARNING - No viable dags retrieved from /opt/airflow/dags/modules/pipeline.py
[2024-02-09T14:49:08.446+0000] {processor.py:175} INFO - Processing /opt/airflow/dags/modules/pipeline.py took 1.886 seconds
[2024-02-09T14:49:39.137+0000] {processor.py:153} INFO - Started process (PID=402) to work on /opt/airflow/dags/modules/pipeline.py
[2024-02-09T14:49:39.151+0000] {processor.py:743} INFO - Processing file /opt/airflow/dags/modules/pipeline.py for tasks to queue
[2024-02-09T14:49:39.160+0000] {logging_mixin.py:137} INFO - [2024-02-09T14:49:39.158+0000] {dagbag.py:538} INFO - Filling up the DagBag from /opt/airflow/dags/modules/pipeline.py
[2024-02-09T14:49:40.896+0000] {processor.py:755} WARNING - No viable dags retrieved from /opt/airflow/dags/modules/pipeline.py
[2024-02-09T14:49:40.917+0000] {processor.py:175} INFO - Processing /opt/airflow/dags/modules/pipeline.py took 1.821 seconds
[2024-02-09T14:50:11.217+0000] {processor.py:153} INFO - Started process (PID=434) to work on /opt/airflow/dags/modules/pipeline.py
[2024-02-09T14:50:11.219+0000] {processor.py:743} INFO - Processing file /opt/airflow/dags/modules/pipeline.py for tasks to queue
[2024-02-09T14:50:11.220+0000] {logging_mixin.py:137} INFO - [2024-02-09T14:50:11.220+0000] {dagbag.py:538} INFO - Filling up the DagBag from /opt/airflow/dags/modules/pipeline.py
[2024-02-09T14:50:12.470+0000] {processor.py:755} WARNING - No viable dags retrieved from /opt/airflow/dags/modules/pipeline.py
[2024-02-09T14:50:12.486+0000] {processor.py:175} INFO - Processing /opt/airflow/dags/modules/pipeline.py took 1.274 seconds
[2024-02-09T14:50:42.603+0000] {processor.py:153} INFO - Started process (PID=462) to work on /opt/airflow/dags/modules/pipeline.py
[2024-02-09T14:50:42.605+0000] {processor.py:743} INFO - Processing file /opt/airflow/dags/modules/pipeline.py for tasks to queue
[2024-02-09T14:50:42.607+0000] {logging_mixin.py:137} INFO - [2024-02-09T14:50:42.607+0000] {dagbag.py:538} INFO - Filling up the DagBag from /opt/airflow/dags/modules/pipeline.py
[2024-02-09T14:50:43.856+0000] {processor.py:755} WARNING - No viable dags retrieved from /opt/airflow/dags/modules/pipeline.py
[2024-02-09T14:50:43.875+0000] {processor.py:175} INFO - Processing /opt/airflow/dags/modules/pipeline.py took 1.280 seconds
[2024-02-09T14:51:14.572+0000] {processor.py:153} INFO - Started process (PID=491) to work on /opt/airflow/dags/modules/pipeline.py
[2024-02-09T14:51:14.573+0000] {processor.py:743} INFO - Processing file /opt/airflow/dags/modules/pipeline.py for tasks to queue
[2024-02-09T14:51:14.575+0000] {logging_mixin.py:137} INFO - [2024-02-09T14:51:14.575+0000] {dagbag.py:538} INFO - Filling up the DagBag from /opt/airflow/dags/modules/pipeline.py
[2024-02-09T14:51:16.067+0000] {processor.py:755} WARNING - No viable dags retrieved from /opt/airflow/dags/modules/pipeline.py
[2024-02-09T14:51:16.105+0000] {processor.py:175} INFO - Processing /opt/airflow/dags/modules/pipeline.py took 1.539 seconds
[2024-02-09T14:51:46.209+0000] {processor.py:153} INFO - Started process (PID=518) to work on /opt/airflow/dags/modules/pipeline.py
[2024-02-09T14:51:46.210+0000] {processor.py:743} INFO - Processing file /opt/airflow/dags/modules/pipeline.py for tasks to queue
[2024-02-09T14:51:46.211+0000] {logging_mixin.py:137} INFO - [2024-02-09T14:51:46.211+0000] {dagbag.py:538} INFO - Filling up the DagBag from /opt/airflow/dags/modules/pipeline.py
[2024-02-09T14:51:47.243+0000] {processor.py:755} WARNING - No viable dags retrieved from /opt/airflow/dags/modules/pipeline.py
[2024-02-09T14:51:47.261+0000] {processor.py:175} INFO - Processing /opt/airflow/dags/modules/pipeline.py took 1.058 seconds
[2024-02-09T14:52:17.443+0000] {processor.py:153} INFO - Started process (PID=545) to work on /opt/airflow/dags/modules/pipeline.py
[2024-02-09T14:52:17.446+0000] {processor.py:743} INFO - Processing file /opt/airflow/dags/modules/pipeline.py for tasks to queue
[2024-02-09T14:52:17.448+0000] {logging_mixin.py:137} INFO - [2024-02-09T14:52:17.448+0000] {dagbag.py:538} INFO - Filling up the DagBag from /opt/airflow/dags/modules/pipeline.py
[2024-02-09T14:52:18.738+0000] {processor.py:755} WARNING - No viable dags retrieved from /opt/airflow/dags/modules/pipeline.py
[2024-02-09T14:52:18.753+0000] {processor.py:175} INFO - Processing /opt/airflow/dags/modules/pipeline.py took 1.316 seconds
[2024-02-09T14:52:49.214+0000] {processor.py:153} INFO - Started process (PID=573) to work on /opt/airflow/dags/modules/pipeline.py
[2024-02-09T14:52:49.216+0000] {processor.py:743} INFO - Processing file /opt/airflow/dags/modules/pipeline.py for tasks to queue
[2024-02-09T14:52:49.217+0000] {logging_mixin.py:137} INFO - [2024-02-09T14:52:49.217+0000] {dagbag.py:538} INFO - Filling up the DagBag from /opt/airflow/dags/modules/pipeline.py
[2024-02-09T14:52:50.271+0000] {processor.py:755} WARNING - No viable dags retrieved from /opt/airflow/dags/modules/pipeline.py
[2024-02-09T14:52:50.286+0000] {processor.py:175} INFO - Processing /opt/airflow/dags/modules/pipeline.py took 1.078 seconds
[2024-02-09T14:53:20.686+0000] {processor.py:153} INFO - Started process (PID=600) to work on /opt/airflow/dags/modules/pipeline.py
[2024-02-09T14:53:20.687+0000] {processor.py:743} INFO - Processing file /opt/airflow/dags/modules/pipeline.py for tasks to queue
[2024-02-09T14:53:20.689+0000] {logging_mixin.py:137} INFO - [2024-02-09T14:53:20.688+0000] {dagbag.py:538} INFO - Filling up the DagBag from /opt/airflow/dags/modules/pipeline.py
[2024-02-09T14:53:21.649+0000] {processor.py:755} WARNING - No viable dags retrieved from /opt/airflow/dags/modules/pipeline.py
[2024-02-09T14:53:21.665+0000] {processor.py:175} INFO - Processing /opt/airflow/dags/modules/pipeline.py took 0.984 seconds
[2024-02-09T14:53:52.247+0000] {processor.py:153} INFO - Started process (PID=629) to work on /opt/airflow/dags/modules/pipeline.py
[2024-02-09T14:53:52.248+0000] {processor.py:743} INFO - Processing file /opt/airflow/dags/modules/pipeline.py for tasks to queue
[2024-02-09T14:53:52.250+0000] {logging_mixin.py:137} INFO - [2024-02-09T14:53:52.249+0000] {dagbag.py:538} INFO - Filling up the DagBag from /opt/airflow/dags/modules/pipeline.py
[2024-02-09T14:53:53.276+0000] {processor.py:755} WARNING - No viable dags retrieved from /opt/airflow/dags/modules/pipeline.py
[2024-02-09T14:53:53.308+0000] {processor.py:175} INFO - Processing /opt/airflow/dags/modules/pipeline.py took 1.067 seconds
[2024-02-09T14:54:24.104+0000] {processor.py:153} INFO - Started process (PID=659) to work on /opt/airflow/dags/modules/pipeline.py
[2024-02-09T14:54:24.105+0000] {processor.py:743} INFO - Processing file /opt/airflow/dags/modules/pipeline.py for tasks to queue
[2024-02-09T14:54:24.107+0000] {logging_mixin.py:137} INFO - [2024-02-09T14:54:24.106+0000] {dagbag.py:538} INFO - Filling up the DagBag from /opt/airflow/dags/modules/pipeline.py
[2024-02-09T14:54:25.343+0000] {processor.py:755} WARNING - No viable dags retrieved from /opt/airflow/dags/modules/pipeline.py
[2024-02-09T14:54:25.358+0000] {processor.py:175} INFO - Processing /opt/airflow/dags/modules/pipeline.py took 1.258 seconds
[2024-02-09T14:54:55.689+0000] {processor.py:153} INFO - Started process (PID=688) to work on /opt/airflow/dags/modules/pipeline.py
[2024-02-09T14:54:55.691+0000] {processor.py:743} INFO - Processing file /opt/airflow/dags/modules/pipeline.py for tasks to queue
[2024-02-09T14:54:55.693+0000] {logging_mixin.py:137} INFO - [2024-02-09T14:54:55.692+0000] {dagbag.py:538} INFO - Filling up the DagBag from /opt/airflow/dags/modules/pipeline.py
[2024-02-09T14:54:57.241+0000] {processor.py:755} WARNING - No viable dags retrieved from /opt/airflow/dags/modules/pipeline.py
[2024-02-09T14:54:57.266+0000] {processor.py:175} INFO - Processing /opt/airflow/dags/modules/pipeline.py took 1.584 seconds
[2024-02-09T14:55:27.895+0000] {processor.py:153} INFO - Started process (PID=717) to work on /opt/airflow/dags/modules/pipeline.py
[2024-02-09T14:55:27.897+0000] {processor.py:743} INFO - Processing file /opt/airflow/dags/modules/pipeline.py for tasks to queue
[2024-02-09T14:55:27.898+0000] {logging_mixin.py:137} INFO - [2024-02-09T14:55:27.898+0000] {dagbag.py:538} INFO - Filling up the DagBag from /opt/airflow/dags/modules/pipeline.py
[2024-02-09T14:55:28.982+0000] {processor.py:755} WARNING - No viable dags retrieved from /opt/airflow/dags/modules/pipeline.py
[2024-02-09T14:55:29.013+0000] {processor.py:175} INFO - Processing /opt/airflow/dags/modules/pipeline.py took 1.122 seconds
[2024-02-09T14:55:59.242+0000] {processor.py:153} INFO - Started process (PID=747) to work on /opt/airflow/dags/modules/pipeline.py
[2024-02-09T14:55:59.244+0000] {processor.py:743} INFO - Processing file /opt/airflow/dags/modules/pipeline.py for tasks to queue
[2024-02-09T14:55:59.246+0000] {logging_mixin.py:137} INFO - [2024-02-09T14:55:59.246+0000] {dagbag.py:538} INFO - Filling up the DagBag from /opt/airflow/dags/modules/pipeline.py
[2024-02-09T14:56:01.231+0000] {processor.py:755} WARNING - No viable dags retrieved from /opt/airflow/dags/modules/pipeline.py
[2024-02-09T14:56:01.259+0000] {processor.py:175} INFO - Processing /opt/airflow/dags/modules/pipeline.py took 2.023 seconds
[2024-02-09T14:56:31.751+0000] {processor.py:153} INFO - Started process (PID=776) to work on /opt/airflow/dags/modules/pipeline.py
[2024-02-09T14:56:31.753+0000] {processor.py:743} INFO - Processing file /opt/airflow/dags/modules/pipeline.py for tasks to queue
[2024-02-09T14:56:31.757+0000] {logging_mixin.py:137} INFO - [2024-02-09T14:56:31.756+0000] {dagbag.py:538} INFO - Filling up the DagBag from /opt/airflow/dags/modules/pipeline.py
[2024-02-09T14:56:33.258+0000] {processor.py:755} WARNING - No viable dags retrieved from /opt/airflow/dags/modules/pipeline.py
[2024-02-09T14:56:33.278+0000] {processor.py:175} INFO - Processing /opt/airflow/dags/modules/pipeline.py took 1.537 seconds
[2024-02-09T14:57:03.398+0000] {processor.py:153} INFO - Started process (PID=805) to work on /opt/airflow/dags/modules/pipeline.py
[2024-02-09T14:57:03.400+0000] {processor.py:743} INFO - Processing file /opt/airflow/dags/modules/pipeline.py for tasks to queue
[2024-02-09T14:57:03.402+0000] {logging_mixin.py:137} INFO - [2024-02-09T14:57:03.401+0000] {dagbag.py:538} INFO - Filling up the DagBag from /opt/airflow/dags/modules/pipeline.py
[2024-02-09T14:57:05.667+0000] {processor.py:755} WARNING - No viable dags retrieved from /opt/airflow/dags/modules/pipeline.py
[2024-02-09T14:57:05.699+0000] {processor.py:175} INFO - Processing /opt/airflow/dags/modules/pipeline.py took 2.305 seconds
[2024-02-09T14:57:36.268+0000] {processor.py:153} INFO - Started process (PID=833) to work on /opt/airflow/dags/modules/pipeline.py
[2024-02-09T14:57:36.280+0000] {processor.py:743} INFO - Processing file /opt/airflow/dags/modules/pipeline.py for tasks to queue
[2024-02-09T14:57:36.281+0000] {logging_mixin.py:137} INFO - [2024-02-09T14:57:36.281+0000] {dagbag.py:538} INFO - Filling up the DagBag from /opt/airflow/dags/modules/pipeline.py
[2024-02-09T14:57:38.553+0000] {processor.py:755} WARNING - No viable dags retrieved from /opt/airflow/dags/modules/pipeline.py
[2024-02-09T14:57:38.600+0000] {processor.py:175} INFO - Processing /opt/airflow/dags/modules/pipeline.py took 2.340 seconds
[2024-02-09T14:58:08.713+0000] {processor.py:153} INFO - Started process (PID=862) to work on /opt/airflow/dags/modules/pipeline.py
[2024-02-09T14:58:08.715+0000] {processor.py:743} INFO - Processing file /opt/airflow/dags/modules/pipeline.py for tasks to queue
[2024-02-09T14:58:08.717+0000] {logging_mixin.py:137} INFO - [2024-02-09T14:58:08.717+0000] {dagbag.py:538} INFO - Filling up the DagBag from /opt/airflow/dags/modules/pipeline.py
[2024-02-09T14:58:10.479+0000] {processor.py:755} WARNING - No viable dags retrieved from /opt/airflow/dags/modules/pipeline.py
[2024-02-09T14:58:10.528+0000] {processor.py:175} INFO - Processing /opt/airflow/dags/modules/pipeline.py took 1.822 seconds
[2024-02-09T14:58:41.201+0000] {processor.py:153} INFO - Started process (PID=892) to work on /opt/airflow/dags/modules/pipeline.py
[2024-02-09T14:58:41.202+0000] {processor.py:743} INFO - Processing file /opt/airflow/dags/modules/pipeline.py for tasks to queue
[2024-02-09T14:58:41.204+0000] {logging_mixin.py:137} INFO - [2024-02-09T14:58:41.203+0000] {dagbag.py:538} INFO - Filling up the DagBag from /opt/airflow/dags/modules/pipeline.py
[2024-02-09T14:58:42.662+0000] {processor.py:755} WARNING - No viable dags retrieved from /opt/airflow/dags/modules/pipeline.py
[2024-02-09T14:58:42.678+0000] {processor.py:175} INFO - Processing /opt/airflow/dags/modules/pipeline.py took 1.482 seconds
[2024-02-09T14:59:13.300+0000] {processor.py:153} INFO - Started process (PID=921) to work on /opt/airflow/dags/modules/pipeline.py
[2024-02-09T14:59:13.302+0000] {processor.py:743} INFO - Processing file /opt/airflow/dags/modules/pipeline.py for tasks to queue
[2024-02-09T14:59:13.303+0000] {logging_mixin.py:137} INFO - [2024-02-09T14:59:13.303+0000] {dagbag.py:538} INFO - Filling up the DagBag from /opt/airflow/dags/modules/pipeline.py
[2024-02-09T14:59:14.851+0000] {processor.py:755} WARNING - No viable dags retrieved from /opt/airflow/dags/modules/pipeline.py
[2024-02-09T14:59:14.877+0000] {processor.py:175} INFO - Processing /opt/airflow/dags/modules/pipeline.py took 1.584 seconds
[2024-02-09T14:59:45.830+0000] {processor.py:153} INFO - Started process (PID=959) to work on /opt/airflow/dags/modules/pipeline.py
[2024-02-09T14:59:45.832+0000] {processor.py:743} INFO - Processing file /opt/airflow/dags/modules/pipeline.py for tasks to queue
[2024-02-09T14:59:45.834+0000] {logging_mixin.py:137} INFO - [2024-02-09T14:59:45.833+0000] {dagbag.py:538} INFO - Filling up the DagBag from /opt/airflow/dags/modules/pipeline.py
[2024-02-09T14:59:48.036+0000] {processor.py:755} WARNING - No viable dags retrieved from /opt/airflow/dags/modules/pipeline.py
[2024-02-09T14:59:48.079+0000] {processor.py:175} INFO - Processing /opt/airflow/dags/modules/pipeline.py took 2.256 seconds
[2024-02-09T15:00:18.658+0000] {processor.py:153} INFO - Started process (PID=987) to work on /opt/airflow/dags/modules/pipeline.py
[2024-02-09T15:00:18.659+0000] {processor.py:743} INFO - Processing file /opt/airflow/dags/modules/pipeline.py for tasks to queue
[2024-02-09T15:00:18.661+0000] {logging_mixin.py:137} INFO - [2024-02-09T15:00:18.661+0000] {dagbag.py:538} INFO - Filling up the DagBag from /opt/airflow/dags/modules/pipeline.py
[2024-02-09T15:00:20.868+0000] {processor.py:755} WARNING - No viable dags retrieved from /opt/airflow/dags/modules/pipeline.py
[2024-02-09T15:00:20.890+0000] {processor.py:175} INFO - Processing /opt/airflow/dags/modules/pipeline.py took 2.241 seconds
[2024-02-09T15:00:51.715+0000] {processor.py:153} INFO - Started process (PID=1019) to work on /opt/airflow/dags/modules/pipeline.py
[2024-02-09T15:00:51.717+0000] {processor.py:743} INFO - Processing file /opt/airflow/dags/modules/pipeline.py for tasks to queue
[2024-02-09T15:00:51.719+0000] {logging_mixin.py:137} INFO - [2024-02-09T15:00:51.719+0000] {dagbag.py:538} INFO - Filling up the DagBag from /opt/airflow/dags/modules/pipeline.py
[2024-02-09T15:00:53.260+0000] {processor.py:755} WARNING - No viable dags retrieved from /opt/airflow/dags/modules/pipeline.py
[2024-02-09T15:00:53.347+0000] {processor.py:175} INFO - Processing /opt/airflow/dags/modules/pipeline.py took 1.640 seconds
[2024-02-09T15:01:24.140+0000] {processor.py:153} INFO - Started process (PID=1047) to work on /opt/airflow/dags/modules/pipeline.py
[2024-02-09T15:01:24.142+0000] {processor.py:743} INFO - Processing file /opt/airflow/dags/modules/pipeline.py for tasks to queue
[2024-02-09T15:01:24.143+0000] {logging_mixin.py:137} INFO - [2024-02-09T15:01:24.143+0000] {dagbag.py:538} INFO - Filling up the DagBag from /opt/airflow/dags/modules/pipeline.py
[2024-02-09T15:01:25.498+0000] {processor.py:755} WARNING - No viable dags retrieved from /opt/airflow/dags/modules/pipeline.py
[2024-02-09T15:01:25.521+0000] {processor.py:175} INFO - Processing /opt/airflow/dags/modules/pipeline.py took 1.387 seconds
[2024-02-09T15:01:55.648+0000] {processor.py:153} INFO - Started process (PID=1076) to work on /opt/airflow/dags/modules/pipeline.py
[2024-02-09T15:01:55.649+0000] {processor.py:743} INFO - Processing file /opt/airflow/dags/modules/pipeline.py for tasks to queue
[2024-02-09T15:01:55.651+0000] {logging_mixin.py:137} INFO - [2024-02-09T15:01:55.651+0000] {dagbag.py:538} INFO - Filling up the DagBag from /opt/airflow/dags/modules/pipeline.py
[2024-02-09T15:01:56.976+0000] {processor.py:755} WARNING - No viable dags retrieved from /opt/airflow/dags/modules/pipeline.py
[2024-02-09T15:01:57.008+0000] {processor.py:175} INFO - Processing /opt/airflow/dags/modules/pipeline.py took 1.367 seconds
[2024-02-09T15:02:27.394+0000] {processor.py:153} INFO - Started process (PID=1105) to work on /opt/airflow/dags/modules/pipeline.py
[2024-02-09T15:02:27.396+0000] {processor.py:743} INFO - Processing file /opt/airflow/dags/modules/pipeline.py for tasks to queue
[2024-02-09T15:02:27.399+0000] {logging_mixin.py:137} INFO - [2024-02-09T15:02:27.399+0000] {dagbag.py:538} INFO - Filling up the DagBag from /opt/airflow/dags/modules/pipeline.py
[2024-02-09T15:02:28.591+0000] {processor.py:755} WARNING - No viable dags retrieved from /opt/airflow/dags/modules/pipeline.py
[2024-02-09T15:02:28.615+0000] {processor.py:175} INFO - Processing /opt/airflow/dags/modules/pipeline.py took 1.230 seconds
[2024-02-09T15:02:58.716+0000] {processor.py:153} INFO - Started process (PID=1134) to work on /opt/airflow/dags/modules/pipeline.py
[2024-02-09T15:02:58.718+0000] {processor.py:743} INFO - Processing file /opt/airflow/dags/modules/pipeline.py for tasks to queue
[2024-02-09T15:02:58.720+0000] {logging_mixin.py:137} INFO - [2024-02-09T15:02:58.719+0000] {dagbag.py:538} INFO - Filling up the DagBag from /opt/airflow/dags/modules/pipeline.py
[2024-02-09T15:02:59.983+0000] {processor.py:755} WARNING - No viable dags retrieved from /opt/airflow/dags/modules/pipeline.py
[2024-02-09T15:03:00.000+0000] {processor.py:175} INFO - Processing /opt/airflow/dags/modules/pipeline.py took 1.290 seconds
[2024-02-09T15:03:30.195+0000] {processor.py:153} INFO - Started process (PID=1175) to work on /opt/airflow/dags/modules/pipeline.py
[2024-02-09T15:03:30.197+0000] {processor.py:743} INFO - Processing file /opt/airflow/dags/modules/pipeline.py for tasks to queue
[2024-02-09T15:03:30.199+0000] {logging_mixin.py:137} INFO - [2024-02-09T15:03:30.199+0000] {dagbag.py:538} INFO - Filling up the DagBag from /opt/airflow/dags/modules/pipeline.py
[2024-02-09T15:03:31.505+0000] {processor.py:755} WARNING - No viable dags retrieved from /opt/airflow/dags/modules/pipeline.py
[2024-02-09T15:03:31.522+0000] {processor.py:175} INFO - Processing /opt/airflow/dags/modules/pipeline.py took 1.337 seconds
[2024-02-09T15:04:01.653+0000] {processor.py:153} INFO - Started process (PID=1207) to work on /opt/airflow/dags/modules/pipeline.py
[2024-02-09T15:04:01.655+0000] {processor.py:743} INFO - Processing file /opt/airflow/dags/modules/pipeline.py for tasks to queue
[2024-02-09T15:04:01.657+0000] {logging_mixin.py:137} INFO - [2024-02-09T15:04:01.657+0000] {dagbag.py:538} INFO - Filling up the DagBag from /opt/airflow/dags/modules/pipeline.py
[2024-02-09T15:04:03.071+0000] {processor.py:755} WARNING - No viable dags retrieved from /opt/airflow/dags/modules/pipeline.py
[2024-02-09T15:04:03.087+0000] {processor.py:175} INFO - Processing /opt/airflow/dags/modules/pipeline.py took 1.444 seconds
[2024-02-09T15:04:33.378+0000] {processor.py:153} INFO - Started process (PID=1237) to work on /opt/airflow/dags/modules/pipeline.py
[2024-02-09T15:04:33.380+0000] {processor.py:743} INFO - Processing file /opt/airflow/dags/modules/pipeline.py for tasks to queue
[2024-02-09T15:04:33.382+0000] {logging_mixin.py:137} INFO - [2024-02-09T15:04:33.381+0000] {dagbag.py:538} INFO - Filling up the DagBag from /opt/airflow/dags/modules/pipeline.py
[2024-02-09T15:04:35.480+0000] {processor.py:755} WARNING - No viable dags retrieved from /opt/airflow/dags/modules/pipeline.py
[2024-02-09T15:04:35.503+0000] {processor.py:175} INFO - Processing /opt/airflow/dags/modules/pipeline.py took 2.134 seconds
[2024-02-09T15:05:06.383+0000] {processor.py:153} INFO - Started process (PID=1262) to work on /opt/airflow/dags/modules/pipeline.py
[2024-02-09T15:05:06.424+0000] {processor.py:743} INFO - Processing file /opt/airflow/dags/modules/pipeline.py for tasks to queue
[2024-02-09T15:05:06.435+0000] {logging_mixin.py:137} INFO - [2024-02-09T15:05:06.434+0000] {dagbag.py:538} INFO - Filling up the DagBag from /opt/airflow/dags/modules/pipeline.py
[2024-02-09T15:05:11.828+0000] {processor.py:755} WARNING - No viable dags retrieved from /opt/airflow/dags/modules/pipeline.py
[2024-02-09T15:05:11.875+0000] {processor.py:175} INFO - Processing /opt/airflow/dags/modules/pipeline.py took 5.548 seconds
[2024-02-09T15:05:42.128+0000] {processor.py:153} INFO - Started process (PID=1292) to work on /opt/airflow/dags/modules/pipeline.py
[2024-02-09T15:05:42.133+0000] {processor.py:743} INFO - Processing file /opt/airflow/dags/modules/pipeline.py for tasks to queue
[2024-02-09T15:05:42.148+0000] {logging_mixin.py:137} INFO - [2024-02-09T15:05:42.148+0000] {dagbag.py:538} INFO - Filling up the DagBag from /opt/airflow/dags/modules/pipeline.py
[2024-02-09T15:05:46.288+0000] {processor.py:755} WARNING - No viable dags retrieved from /opt/airflow/dags/modules/pipeline.py
[2024-02-09T15:05:46.309+0000] {processor.py:175} INFO - Processing /opt/airflow/dags/modules/pipeline.py took 4.189 seconds
[2024-02-09T15:06:16.876+0000] {processor.py:153} INFO - Started process (PID=1324) to work on /opt/airflow/dags/modules/pipeline.py
[2024-02-09T15:06:16.877+0000] {processor.py:743} INFO - Processing file /opt/airflow/dags/modules/pipeline.py for tasks to queue
[2024-02-09T15:06:16.879+0000] {logging_mixin.py:137} INFO - [2024-02-09T15:06:16.879+0000] {dagbag.py:538} INFO - Filling up the DagBag from /opt/airflow/dags/modules/pipeline.py
[2024-02-09T15:06:18.541+0000] {processor.py:755} WARNING - No viable dags retrieved from /opt/airflow/dags/modules/pipeline.py
[2024-02-09T15:06:18.560+0000] {processor.py:175} INFO - Processing /opt/airflow/dags/modules/pipeline.py took 1.690 seconds
[2024-02-09T15:06:49.344+0000] {processor.py:153} INFO - Started process (PID=1349) to work on /opt/airflow/dags/modules/pipeline.py
[2024-02-09T15:06:49.345+0000] {processor.py:743} INFO - Processing file /opt/airflow/dags/modules/pipeline.py for tasks to queue
[2024-02-09T15:06:49.347+0000] {logging_mixin.py:137} INFO - [2024-02-09T15:06:49.346+0000] {dagbag.py:538} INFO - Filling up the DagBag from /opt/airflow/dags/modules/pipeline.py
[2024-02-09T15:06:50.842+0000] {processor.py:755} WARNING - No viable dags retrieved from /opt/airflow/dags/modules/pipeline.py
[2024-02-09T15:06:50.859+0000] {processor.py:175} INFO - Processing /opt/airflow/dags/modules/pipeline.py took 1.520 seconds
[2024-02-09T15:07:21.034+0000] {processor.py:153} INFO - Started process (PID=1380) to work on /opt/airflow/dags/modules/pipeline.py
[2024-02-09T15:07:21.036+0000] {processor.py:743} INFO - Processing file /opt/airflow/dags/modules/pipeline.py for tasks to queue
[2024-02-09T15:07:21.039+0000] {logging_mixin.py:137} INFO - [2024-02-09T15:07:21.038+0000] {dagbag.py:538} INFO - Filling up the DagBag from /opt/airflow/dags/modules/pipeline.py
[2024-02-09T15:07:23.647+0000] {processor.py:755} WARNING - No viable dags retrieved from /opt/airflow/dags/modules/pipeline.py
[2024-02-09T15:07:23.681+0000] {processor.py:175} INFO - Processing /opt/airflow/dags/modules/pipeline.py took 2.654 seconds
[2024-02-09T15:07:54.024+0000] {processor.py:153} INFO - Started process (PID=1411) to work on /opt/airflow/dags/modules/pipeline.py
[2024-02-09T15:07:54.026+0000] {processor.py:743} INFO - Processing file /opt/airflow/dags/modules/pipeline.py for tasks to queue
[2024-02-09T15:07:54.028+0000] {logging_mixin.py:137} INFO - [2024-02-09T15:07:54.027+0000] {dagbag.py:538} INFO - Filling up the DagBag from /opt/airflow/dags/modules/pipeline.py
[2024-02-09T15:07:55.660+0000] {processor.py:755} WARNING - No viable dags retrieved from /opt/airflow/dags/modules/pipeline.py
[2024-02-09T15:07:55.684+0000] {processor.py:175} INFO - Processing /opt/airflow/dags/modules/pipeline.py took 1.674 seconds
[2024-02-09T15:08:26.745+0000] {processor.py:153} INFO - Started process (PID=1440) to work on /opt/airflow/dags/modules/pipeline.py
[2024-02-09T15:08:26.748+0000] {processor.py:743} INFO - Processing file /opt/airflow/dags/modules/pipeline.py for tasks to queue
[2024-02-09T15:08:26.750+0000] {logging_mixin.py:137} INFO - [2024-02-09T15:08:26.750+0000] {dagbag.py:538} INFO - Filling up the DagBag from /opt/airflow/dags/modules/pipeline.py
[2024-02-09T15:08:29.464+0000] {processor.py:755} WARNING - No viable dags retrieved from /opt/airflow/dags/modules/pipeline.py
[2024-02-09T15:08:29.507+0000] {processor.py:175} INFO - Processing /opt/airflow/dags/modules/pipeline.py took 2.771 seconds
[2024-02-09T15:09:00.279+0000] {processor.py:153} INFO - Started process (PID=1471) to work on /opt/airflow/dags/modules/pipeline.py
[2024-02-09T15:09:00.295+0000] {processor.py:743} INFO - Processing file /opt/airflow/dags/modules/pipeline.py for tasks to queue
[2024-02-09T15:09:00.301+0000] {logging_mixin.py:137} INFO - [2024-02-09T15:09:00.301+0000] {dagbag.py:538} INFO - Filling up the DagBag from /opt/airflow/dags/modules/pipeline.py
[2024-02-09T15:09:02.699+0000] {processor.py:755} WARNING - No viable dags retrieved from /opt/airflow/dags/modules/pipeline.py
[2024-02-09T15:09:02.726+0000] {processor.py:175} INFO - Processing /opt/airflow/dags/modules/pipeline.py took 2.507 seconds
[2024-02-09T15:09:33.134+0000] {processor.py:153} INFO - Started process (PID=1506) to work on /opt/airflow/dags/modules/pipeline.py
[2024-02-09T15:09:33.136+0000] {processor.py:743} INFO - Processing file /opt/airflow/dags/modules/pipeline.py for tasks to queue
[2024-02-09T15:09:33.137+0000] {logging_mixin.py:137} INFO - [2024-02-09T15:09:33.137+0000] {dagbag.py:538} INFO - Filling up the DagBag from /opt/airflow/dags/modules/pipeline.py
[2024-02-09T15:09:35.131+0000] {processor.py:755} WARNING - No viable dags retrieved from /opt/airflow/dags/modules/pipeline.py
[2024-02-09T15:09:35.155+0000] {processor.py:175} INFO - Processing /opt/airflow/dags/modules/pipeline.py took 2.029 seconds
[2024-02-09T15:10:05.748+0000] {processor.py:153} INFO - Started process (PID=1538) to work on /opt/airflow/dags/modules/pipeline.py
[2024-02-09T15:10:05.755+0000] {processor.py:743} INFO - Processing file /opt/airflow/dags/modules/pipeline.py for tasks to queue
[2024-02-09T15:10:05.768+0000] {logging_mixin.py:137} INFO - [2024-02-09T15:10:05.767+0000] {dagbag.py:538} INFO - Filling up the DagBag from /opt/airflow/dags/modules/pipeline.py
[2024-02-09T15:10:08.192+0000] {processor.py:755} WARNING - No viable dags retrieved from /opt/airflow/dags/modules/pipeline.py
[2024-02-09T15:10:08.229+0000] {processor.py:175} INFO - Processing /opt/airflow/dags/modules/pipeline.py took 2.491 seconds
[2024-02-09T15:10:38.886+0000] {processor.py:153} INFO - Started process (PID=1567) to work on /opt/airflow/dags/modules/pipeline.py
[2024-02-09T15:10:38.891+0000] {processor.py:743} INFO - Processing file /opt/airflow/dags/modules/pipeline.py for tasks to queue
[2024-02-09T15:10:38.893+0000] {logging_mixin.py:137} INFO - [2024-02-09T15:10:38.892+0000] {dagbag.py:538} INFO - Filling up the DagBag from /opt/airflow/dags/modules/pipeline.py
[2024-02-09T15:10:40.472+0000] {processor.py:755} WARNING - No viable dags retrieved from /opt/airflow/dags/modules/pipeline.py
[2024-02-09T15:10:40.495+0000] {processor.py:175} INFO - Processing /opt/airflow/dags/modules/pipeline.py took 1.620 seconds
[2024-02-09T15:11:12.128+0000] {processor.py:153} INFO - Started process (PID=1596) to work on /opt/airflow/dags/modules/pipeline.py
[2024-02-09T15:11:12.145+0000] {processor.py:743} INFO - Processing file /opt/airflow/dags/modules/pipeline.py for tasks to queue
[2024-02-09T15:11:12.199+0000] {logging_mixin.py:137} INFO - [2024-02-09T15:11:12.199+0000] {dagbag.py:538} INFO - Filling up the DagBag from /opt/airflow/dags/modules/pipeline.py
[2024-02-09T15:11:14.713+0000] {processor.py:755} WARNING - No viable dags retrieved from /opt/airflow/dags/modules/pipeline.py
[2024-02-09T15:11:14.746+0000] {processor.py:175} INFO - Processing /opt/airflow/dags/modules/pipeline.py took 2.641 seconds
[2024-02-09T15:11:45.452+0000] {processor.py:153} INFO - Started process (PID=1625) to work on /opt/airflow/dags/modules/pipeline.py
[2024-02-09T15:11:45.455+0000] {processor.py:743} INFO - Processing file /opt/airflow/dags/modules/pipeline.py for tasks to queue
[2024-02-09T15:11:45.457+0000] {logging_mixin.py:137} INFO - [2024-02-09T15:11:45.457+0000] {dagbag.py:538} INFO - Filling up the DagBag from /opt/airflow/dags/modules/pipeline.py
[2024-02-09T15:11:47.122+0000] {processor.py:755} WARNING - No viable dags retrieved from /opt/airflow/dags/modules/pipeline.py
[2024-02-09T15:11:47.157+0000] {processor.py:175} INFO - Processing /opt/airflow/dags/modules/pipeline.py took 1.713 seconds
[2024-02-09T15:12:17.699+0000] {processor.py:153} INFO - Started process (PID=1661) to work on /opt/airflow/dags/modules/pipeline.py
[2024-02-09T15:12:17.701+0000] {processor.py:743} INFO - Processing file /opt/airflow/dags/modules/pipeline.py for tasks to queue
[2024-02-09T15:12:17.712+0000] {logging_mixin.py:137} INFO - [2024-02-09T15:12:17.712+0000] {dagbag.py:538} INFO - Filling up the DagBag from /opt/airflow/dags/modules/pipeline.py
[2024-02-09T15:12:19.702+0000] {processor.py:755} WARNING - No viable dags retrieved from /opt/airflow/dags/modules/pipeline.py
[2024-02-09T15:12:19.720+0000] {processor.py:175} INFO - Processing /opt/airflow/dags/modules/pipeline.py took 2.026 seconds
[2024-02-09T15:12:50.293+0000] {processor.py:153} INFO - Started process (PID=1694) to work on /opt/airflow/dags/modules/pipeline.py
[2024-02-09T15:12:50.295+0000] {processor.py:743} INFO - Processing file /opt/airflow/dags/modules/pipeline.py for tasks to queue
[2024-02-09T15:12:50.297+0000] {logging_mixin.py:137} INFO - [2024-02-09T15:12:50.297+0000] {dagbag.py:538} INFO - Filling up the DagBag from /opt/airflow/dags/modules/pipeline.py
[2024-02-09T15:12:52.094+0000] {processor.py:755} WARNING - No viable dags retrieved from /opt/airflow/dags/modules/pipeline.py
[2024-02-09T15:12:52.116+0000] {processor.py:175} INFO - Processing /opt/airflow/dags/modules/pipeline.py took 1.831 seconds
[2024-02-09T15:13:23.101+0000] {processor.py:153} INFO - Started process (PID=1726) to work on /opt/airflow/dags/modules/pipeline.py
[2024-02-09T15:13:23.104+0000] {processor.py:743} INFO - Processing file /opt/airflow/dags/modules/pipeline.py for tasks to queue
[2024-02-09T15:13:23.126+0000] {logging_mixin.py:137} INFO - [2024-02-09T15:13:23.116+0000] {dagbag.py:538} INFO - Filling up the DagBag from /opt/airflow/dags/modules/pipeline.py
[2024-02-09T15:13:24.976+0000] {processor.py:755} WARNING - No viable dags retrieved from /opt/airflow/dags/modules/pipeline.py
[2024-02-09T15:13:24.995+0000] {processor.py:175} INFO - Processing /opt/airflow/dags/modules/pipeline.py took 1.947 seconds
[2024-02-09T15:13:55.845+0000] {processor.py:153} INFO - Started process (PID=1757) to work on /opt/airflow/dags/modules/pipeline.py
[2024-02-09T15:13:55.847+0000] {processor.py:743} INFO - Processing file /opt/airflow/dags/modules/pipeline.py for tasks to queue
[2024-02-09T15:13:55.849+0000] {logging_mixin.py:137} INFO - [2024-02-09T15:13:55.849+0000] {dagbag.py:538} INFO - Filling up the DagBag from /opt/airflow/dags/modules/pipeline.py
[2024-02-09T15:13:58.685+0000] {processor.py:755} WARNING - No viable dags retrieved from /opt/airflow/dags/modules/pipeline.py
[2024-02-09T15:13:58.730+0000] {processor.py:175} INFO - Processing /opt/airflow/dags/modules/pipeline.py took 2.892 seconds
[2024-02-09T15:14:29.165+0000] {processor.py:153} INFO - Started process (PID=1786) to work on /opt/airflow/dags/modules/pipeline.py
[2024-02-09T15:14:29.166+0000] {processor.py:743} INFO - Processing file /opt/airflow/dags/modules/pipeline.py for tasks to queue
[2024-02-09T15:14:29.168+0000] {logging_mixin.py:137} INFO - [2024-02-09T15:14:29.167+0000] {dagbag.py:538} INFO - Filling up the DagBag from /opt/airflow/dags/modules/pipeline.py
[2024-02-09T15:14:30.437+0000] {processor.py:755} WARNING - No viable dags retrieved from /opt/airflow/dags/modules/pipeline.py
[2024-02-09T15:14:30.455+0000] {processor.py:175} INFO - Processing /opt/airflow/dags/modules/pipeline.py took 1.295 seconds
[2024-02-09T15:15:03.485+0000] {processor.py:153} INFO - Started process (PID=1814) to work on /opt/airflow/dags/modules/pipeline.py
[2024-02-09T15:15:03.553+0000] {processor.py:743} INFO - Processing file /opt/airflow/dags/modules/pipeline.py for tasks to queue
[2024-02-09T15:15:03.570+0000] {logging_mixin.py:137} INFO - [2024-02-09T15:15:03.570+0000] {dagbag.py:538} INFO - Filling up the DagBag from /opt/airflow/dags/modules/pipeline.py
[2024-02-09T15:15:15.007+0000] {processor.py:755} WARNING - No viable dags retrieved from /opt/airflow/dags/modules/pipeline.py
[2024-02-09T15:15:15.041+0000] {processor.py:175} INFO - Processing /opt/airflow/dags/modules/pipeline.py took 11.609 seconds
[2024-02-09T15:15:45.362+0000] {processor.py:153} INFO - Started process (PID=1856) to work on /opt/airflow/dags/modules/pipeline.py
[2024-02-09T15:15:45.365+0000] {processor.py:743} INFO - Processing file /opt/airflow/dags/modules/pipeline.py for tasks to queue
[2024-02-09T15:15:45.367+0000] {logging_mixin.py:137} INFO - [2024-02-09T15:15:45.367+0000] {dagbag.py:538} INFO - Filling up the DagBag from /opt/airflow/dags/modules/pipeline.py
[2024-02-09T15:15:47.541+0000] {processor.py:755} WARNING - No viable dags retrieved from /opt/airflow/dags/modules/pipeline.py
[2024-02-09T15:15:47.560+0000] {processor.py:175} INFO - Processing /opt/airflow/dags/modules/pipeline.py took 2.204 seconds
[2024-02-09T15:16:17.925+0000] {processor.py:153} INFO - Started process (PID=1886) to work on /opt/airflow/dags/modules/pipeline.py
[2024-02-09T15:16:17.927+0000] {processor.py:743} INFO - Processing file /opt/airflow/dags/modules/pipeline.py for tasks to queue
[2024-02-09T15:16:17.929+0000] {logging_mixin.py:137} INFO - [2024-02-09T15:16:17.928+0000] {dagbag.py:538} INFO - Filling up the DagBag from /opt/airflow/dags/modules/pipeline.py
[2024-02-09T15:16:19.055+0000] {processor.py:755} WARNING - No viable dags retrieved from /opt/airflow/dags/modules/pipeline.py
[2024-02-09T15:16:19.081+0000] {processor.py:175} INFO - Processing /opt/airflow/dags/modules/pipeline.py took 1.163 seconds
[2024-02-09T15:16:49.443+0000] {processor.py:153} INFO - Started process (PID=1914) to work on /opt/airflow/dags/modules/pipeline.py
[2024-02-09T15:16:49.445+0000] {processor.py:743} INFO - Processing file /opt/airflow/dags/modules/pipeline.py for tasks to queue
[2024-02-09T15:16:49.446+0000] {logging_mixin.py:137} INFO - [2024-02-09T15:16:49.446+0000] {dagbag.py:538} INFO - Filling up the DagBag from /opt/airflow/dags/modules/pipeline.py
[2024-02-09T15:16:50.671+0000] {processor.py:755} WARNING - No viable dags retrieved from /opt/airflow/dags/modules/pipeline.py
[2024-02-09T15:16:50.704+0000] {processor.py:175} INFO - Processing /opt/airflow/dags/modules/pipeline.py took 1.268 seconds
